This is pdfTeX, Version 3.141592653-2.6-1.40.22 (TeX Live 2022/dev/Debian) (preloaded format=pdflatex 2023.10.26)  5 FEB 2024 23:24
entering extended mode
 restricted \write18 enabled.
 file:line:error style messages enabled.
 %&-line parsing enabled.
**/home/pewhite/github/aos/aos-10/polar/polar-exploration-key.tex
(/home/pewhite/github/aos/aos-10/polar/polar-exploration-key.tex
LaTeX2e <2021-11-15> patch level 1
L3 programming layer <2022-01-21> (/usr/share/texlive/texmf-dist/tex/latex/exam/exam.cls
Document Class: exam 2021/02/26 Version 2.7 by Philip Hirschhorn
(/usr/share/texlive/texmf-dist/tex/latex/base/ifthen.sty
Package: ifthen 2020/11/24 v1.1c Standard LaTeX ifthen package (DPC)
) (/usr/share/texlive/texmf-dist/tex/latex/base/article.cls
Document Class: article 2021/10/04 v1.4n Standard LaTeX document class
(/usr/share/texlive/texmf-dist/tex/latex/base/size12.clo
File: size12.clo 2021/10/04 v1.4n Standard LaTeX file (size option)
)
\c@part=\count185
\c@section=\count186
\c@subsection=\count187
\c@subsubsection=\count188
\c@paragraph=\count189
\c@subparagraph=\count190
\c@figure=\count191
\c@table=\count192
\abovecaptionskip=\skip47
\belowcaptionskip=\skip48
\bibindent=\dimen138
)
\@extrawidth=\skip49
\@rightmargin=\skip50
\@extrahead=\skip51
\@extrafoot=\skip52
\run@exhd=\skip53
\fp@exhd=\skip54
\run@exft=\skip55
\fp@exft=\skip56
\covrun@exhd=\skip57
\covfp@exhd=\skip58
\covrun@exft=\skip59
\covfp@exft=\skip60
\c@num@coverpages=\count193
\c@latest@ques=\count194
\c@ques@end=\count195
\c@last@object=\count196
\c@incmp@ques=\count197
\c@next@ques=\count198
\c@next@page=\count199
\c@tmp@hlfcntr=\count266
\c@ifpos@cntr=\count267
\c@question=\count268
\c@partno=\count269
\c@subpart=\count270
\c@subsubpart=\count271
\c@choice=\count272
\c@numpoints=\count273
\c@numbonuspoints=\count274
\c@pointsof@thisquestion=\count275
\c@bonuspointsof@thisquestion=\count276
\c@numquestions=\count277
\c@numparts=\count278
\c@numsubparts=\count279
\c@numsubsubparts=\count280
\c@Curr@Page=\count281
\c@@pagepoints=\count282
\c@@pagebonuspoints=\count283
\c@pageof@pagepoints=\count284
\c@pageof@pagebonuspoints=\count285
\c@latest@points=\count286
\c@latest@bonuspoints=\count287
\pageinfo@commands=\toks16
\temp@toks=\toks17
\pagepoint@commands=\toks18
\point@toks=\toks19
\c@ques@object=\count288
\marginpointssep=\skip61
\rightpointsmargin=\skip62
\choice@toks=\toks20
\answerlinelength=\skip63
\answerskip=\skip64
\answerclearance=\skip65
\fillinlinelength=\skip66
\linefillheight=\skip67
\linefillthickness=\skip68
\dottedlinefillheight=\skip69
\gridsize=\skip70
\gridlinewidth=\skip71
\minboxheight=\skip72
\c@@iterator=\count289
\@cellwidth=\skip73
\c@tbl@points=\count290
\c@tbl@bonuspoints=\count291
\c@pq@index=\count292
\c@pq@index@pts=\count293
\c@pq@index@bpts=\count294
\c@num@cols=\count295
\c@num@rows=\count296
\c@current@row=\count297
\c@cols@done=\count298
\exam@box=\box50
\saved@totalleftmargin=\dimen139
\@sollistdepth=\count299
\exam@FrameRule=\dimen140
\exam@FrameSep=\dimen141
) (/usr/share/texlive/texmf-dist/tex/latex/graphics/graphicx.sty
Package: graphicx 2021/09/16 v1.2d Enhanced LaTeX Graphics (DPC,SPQR)
 (/usr/share/texlive/texmf-dist/tex/latex/graphics/keyval.sty
Package: keyval 2014/10/28 v1.15 key=value parser (DPC)
\KV@toks@=\toks21
) (/usr/share/texlive/texmf-dist/tex/latex/graphics/graphics.sty
Package: graphics 2021/03/04 v1.4d Standard LaTeX Graphics (DPC,SPQR)
 (/usr/share/texlive/texmf-dist/tex/latex/graphics/trig.sty
Package: trig 2021/08/11 v1.11 sin cos tan (DPC)
) (/usr/share/texlive/texmf-dist/tex/latex/graphics-cfg/graphics.cfg
File: graphics.cfg 2016/06/04 v1.11 sample graphics configuration
)
Package graphics Info: Driver file: pdftex.def on input line 107.
 (/usr/share/texlive/texmf-dist/tex/latex/graphics-def/pdftex.def
File: pdftex.def 2020/10/05 v1.2a Graphics/color driver for pdftex
))
\Gin@req@height=\dimen142
\Gin@req@width=\dimen143
) (/usr/share/texmf/tex/latex/asymptote/asymptote.sty
Package: asymptote 2021/12/29 v1.37 Asymptote style file for LaTeX
 (./polar-exploration-key.pre)
\ASYbox=\box51
\ASYdimen=\dimen144
\c@asy=\count300
\AsyStream=\write3
\AsyPreStream=\write4
 (/usr/share/texlive/texmf-dist/tex/generic/iftex/ifpdf.sty
Package: ifpdf 2019/10/25 v3.4 ifpdf legacy package. Use iftex instead.
 (/usr/share/texlive/texmf-dist/tex/generic/iftex/iftex.sty
Package: iftex 2020/03/06 v1.0d TeX engine tests
)) (/usr/share/texlive/texmf-dist/tex/generic/iftex/ifxetex.sty
Package: ifxetex 2019/10/25 v0.7 ifxetex legacy package. Use iftex instead.
) (/usr/share/texlive/texmf-dist/tex/generic/catchfile/catchfile.sty
Package: catchfile 2019/12/09 v1.8 Catch the contents of a file (HO)
 (/usr/share/texlive/texmf-dist/tex/generic/infwarerr/infwarerr.sty
Package: infwarerr 2019/12/03 v1.5 Providing info/warning/error messages (HO)
) (/usr/share/texlive/texmf-dist/tex/generic/ltxcmds/ltxcmds.sty
Package: ltxcmds 2020-05-10 v1.25 LaTeX kernel commands for general use (HO)
) (/usr/share/texlive/texmf-dist/tex/generic/etexcmds/etexcmds.sty
Package: etexcmds 2019/12/15 v1.7 Avoid name clashes with e-TeX commands (HO)
))
\openout4 = `polar-exploration-key.pre'.

) (/usr/share/texlive/texmf-dist/tex/latex/geometry/geometry.sty
Package: geometry 2020/01/02 v5.9 Page Geometry
 (/usr/share/texlive/texmf-dist/tex/generic/iftex/ifvtex.sty
Package: ifvtex 2019/10/25 v1.7 ifvtex legacy package. Use iftex instead.
)
\Gm@cnth=\count301
\Gm@cntv=\count302
\c@Gm@tempcnt=\count303
\Gm@bindingoffset=\dimen145
\Gm@wd@mp=\dimen146
\Gm@odd@mp=\dimen147
\Gm@even@mp=\dimen148
\Gm@layoutwidth=\dimen149
\Gm@layoutheight=\dimen150
\Gm@layouthoffset=\dimen151
\Gm@layoutvoffset=\dimen152
\Gm@dimlist=\toks22
) (/usr/share/texlive/texmf-dist/tex/latex/tools/multicol.sty
Package: multicol 2021/10/28 v1.9b multicolumn formatting (FMi)
\c@tracingmulticols=\count304
\mult@box=\box52
\multicol@leftmargin=\dimen153
\c@unbalance=\count305
\c@collectmore=\count306
\doublecol@number=\count307
\multicoltolerance=\count308
\multicolpretolerance=\count309
\full@width=\dimen154
\page@free=\dimen155
\premulticols=\dimen156
\postmulticols=\dimen157
\multicolsep=\skip74
\multicolbaselineskip=\skip75
\partial@page=\box53
\last@line=\box54
\maxbalancingoverflow=\dimen158
\mult@rightbox=\box55
\mult@grightbox=\box56
\mult@firstbox=\box57
\mult@gfirstbox=\box58
\@tempa=\box59
\@tempa=\box60
\@tempa=\box61
\@tempa=\box62
\@tempa=\box63
\@tempa=\box64
\@tempa=\box65
\@tempa=\box66
\@tempa=\box67
\@tempa=\box68
\@tempa=\box69
\@tempa=\box70
\@tempa=\box71
\@tempa=\box72
\@tempa=\box73
\@tempa=\box74
\@tempa=\box75
\@tempa=\box76
\@tempa=\box77
\@tempa=\box78
\@tempa=\box79
\@tempa=\box80
\@tempa=\box81
\@tempa=\box82
\@tempa=\box83
\@tempa=\box84
\@tempa=\box85
\@tempa=\box86
\@tempa=\box87
\@tempa=\box88
\@tempa=\box89
\@tempa=\box90
\@tempa=\box91
\@tempa=\box92
\@tempa=\box93
\@tempa=\box94
\c@minrows=\count310
\c@columnbadness=\count311
\c@finalcolumnbadness=\count312
\last@try=\dimen159
\multicolovershoot=\dimen160
\multicolundershoot=\dimen161
\mult@nat@firstbox=\box95
\colbreak@box=\box96
\mc@col@check@num=\count313
) (/usr/share/texlive/texmf-dist/tex/latex/blindtext/blindtext.sty
Package: blindtext 2012/01/06 V2.0 blindtext-Package
 (/usr/share/texlive/texmf-dist/tex/latex/tools/xspace.sty
Package: xspace 2014/10/28 v1.13 Space after command names (DPC,MH)
)
\c@blindtext=\count314
\c@Blindtext=\count315
\c@blind@countparstart=\count316
\blind@countxx=\count317
\blindtext@numBlindtext=\count318
\blind@countyy=\count319
\c@blindlist=\count320
\c@blindlistlevel=\count321
\c@blindlist@level=\count322
\blind@listitem=\count323
\c@blind@listcount=\count324
\c@blind@levelcount=\count325
\blind@mathformula=\count326
\blind@Mathformula=\count327
\c@blind@randomcount=\count328
\c@blind@randommax=\count329
\c@blind@pangramcount=\count330
\c@blind@pangrammax=\count331
) (/usr/share/texlive/texmf-dist/tex/latex/amsmath/amsmath.sty
Package: amsmath 2021/10/15 v2.17l AMS math features
\@mathmargin=\skip76

For additional information on amsmath, use the `?' option.
(/usr/share/texlive/texmf-dist/tex/latex/amsmath/amstext.sty
Package: amstext 2021/08/26 v2.01 AMS text
 (/usr/share/texlive/texmf-dist/tex/latex/amsmath/amsgen.sty
File: amsgen.sty 1999/11/30 v2.0 generic functions
\@emptytoks=\toks23
\ex@=\dimen162
)) (/usr/share/texlive/texmf-dist/tex/latex/amsmath/amsbsy.sty
Package: amsbsy 1999/11/29 v1.2d Bold Symbols
\pmbraise@=\dimen163
) (/usr/share/texlive/texmf-dist/tex/latex/amsmath/amsopn.sty
Package: amsopn 2021/08/26 v2.02 operator names
)
\inf@bad=\count332
LaTeX Info: Redefining \frac on input line 234.
\uproot@=\count333
\leftroot@=\count334
LaTeX Info: Redefining \overline on input line 399.
\classnum@=\count335
\DOTSCASE@=\count336
LaTeX Info: Redefining \ldots on input line 496.
LaTeX Info: Redefining \dots on input line 499.
LaTeX Info: Redefining \cdots on input line 620.
\Mathstrutbox@=\box97
\strutbox@=\box98
\big@size=\dimen164
LaTeX Font Info:    Redeclaring font encoding OML on input line 743.
LaTeX Font Info:    Redeclaring font encoding OMS on input line 744.
\macc@depth=\count337
\c@MaxMatrixCols=\count338
\dotsspace@=\muskip16
\c@parentequation=\count339
\dspbrk@lvl=\count340
\tag@help=\toks24
\row@=\count341
\column@=\count342
\maxfields@=\count343
\andhelp@=\toks25
\eqnshift@=\dimen165
\alignsep@=\dimen166
\tagshift@=\dimen167
\tagwidth@=\dimen168
\totwidth@=\dimen169
\lineht@=\dimen170
\@envbody=\toks26
\multlinegap=\skip77
\multlinetaggap=\skip78
\mathdisplay@stack=\toks27
LaTeX Info: Redefining \[ on input line 2938.
LaTeX Info: Redefining \] on input line 2939.
) (/usr/share/texlive/texmf-dist/tex/latex/l3backend/l3backend-pdftex.def
File: l3backend-pdftex.def 2022-01-12 L3 backend support: PDF output (pdfTeX)
\l__color_backend_stack_int=\count344
\l__pdf_internal_box=\box99
) (./polar-exploration-key.aux)
\openout1 = `polar-exploration-key.aux'.

LaTeX Font Info:    Checking defaults for OML/cmm/m/it on input line 9.
LaTeX Font Info:    ... okay on input line 9.
LaTeX Font Info:    Checking defaults for OMS/cmsy/m/n on input line 9.
LaTeX Font Info:    ... okay on input line 9.
LaTeX Font Info:    Checking defaults for OT1/cmr/m/n on input line 9.
LaTeX Font Info:    ... okay on input line 9.
LaTeX Font Info:    Checking defaults for T1/cmr/m/n on input line 9.
LaTeX Font Info:    ... okay on input line 9.
LaTeX Font Info:    Checking defaults for TS1/cmr/m/n on input line 9.
LaTeX Font Info:    ... okay on input line 9.
LaTeX Font Info:    Checking defaults for OMX/cmex/m/n on input line 9.
LaTeX Font Info:    ... okay on input line 9.
LaTeX Font Info:    Checking defaults for U/cmr/m/n on input line 9.
LaTeX Font Info:    ... okay on input line 9.
 (/usr/share/texlive/texmf-dist/tex/context/base/mkii/supp-pdf.mkii
[Loading MPS to PDF converter (version 2006.09.02).]
\scratchcounter=\count345
\scratchdimen=\dimen171
\scratchbox=\box100
\nofMPsegments=\count346
\nofMParguments=\count347
\everyMPshowfont=\toks28
\MPscratchCnt=\count348
\MPscratchDim=\dimen172
\MPnumerator=\count349
\makeMPintoPDFobject=\count350
\everyMPtoPDFconversion=\toks29
) (/usr/share/texlive/texmf-dist/tex/latex/epstopdf-pkg/epstopdf-base.sty
Package: epstopdf-base 2020-01-24 v2.11 Base part for package epstopdf
 (/usr/share/texlive/texmf-dist/tex/latex/grfext/grfext.sty
Package: grfext 2019/12/03 v1.3 Manage graphics extensions (HO)
 (/usr/share/texlive/texmf-dist/tex/generic/kvdefinekeys/kvdefinekeys.sty
Package: kvdefinekeys 2019-12-19 v1.6 Define keys (HO)
)) (/usr/share/texlive/texmf-dist/tex/latex/kvoptions/kvoptions.sty
Package: kvoptions 2020-10-07 v3.14 Key value format for package options (HO)
 (/usr/share/texlive/texmf-dist/tex/generic/kvsetkeys/kvsetkeys.sty
Package: kvsetkeys 2019/12/15 v1.18 Key value parser (HO)
)) (/usr/share/texlive/texmf-dist/tex/generic/pdftexcmds/pdftexcmds.sty
Package: pdftexcmds 2020-06-27 v0.33 Utility functions of pdfTeX for LuaTeX (HO)
Package pdftexcmds Info: \pdf@primitive is available.
Package pdftexcmds Info: \pdf@ifprimitive is available.
Package pdftexcmds Info: \pdfdraftmode found.
)
Package epstopdf-base Info: Redefining graphics rule for `.eps' on input line 485.
Package grfext Info: Graphics extension search list:
(grfext)             [.pdf,.png,.jpg,.mps,.jpeg,.jbig2,.jb2,.PDF,.PNG,.JPG,.JPEG,.JBIG2,.JB2,.eps]
(grfext)             \AppendGraphicsExtensions on input line 504.
 (/usr/share/texlive/texmf-dist/tex/latex/latexconfig/epstopdf-sys.cfg
File: epstopdf-sys.cfg 2010/07/13 v1.3 Configuration of (r)epstopdf for TeX Live
))
*geometry* driver: auto-detecting
*geometry* detected driver: pdftex
*geometry* verbose mode - [ preamble ] result:
* driver: pdftex
* paper: <default>
* layout: <same size as paper>
* layoutoffset:(h,v)=(0.0pt,0.0pt)
* modes: 
* h-part:(L,W,R)=(39.74872pt, 534.79756pt, 39.74872pt)
* v-part:(T,H,B)=(39.74872pt, 715.47255pt, 39.74872pt)
* \paperwidth=614.295pt
* \paperheight=794.96999pt
* \textwidth=534.79756pt
* \textheight=715.47255pt
* \oddsidemargin=-32.52127pt
* \evensidemargin=-32.52127pt
* \topmargin=-62.52127pt
* \headheight=15.0pt
* \headsep=15.0pt
* \topskip=12.0pt
* \footskip=29.0pt
* \marginparwidth=36.135pt
* \marginparsep=5.0pt
* \columnsep=10.0pt
* \skip\footins=10.8pt plus 4.0pt minus 2.0pt
* \hoffset=0.0pt
* \voffset=0.0pt
* \mag=1000
* \@twocolumnfalse
* \@twosidefalse
* \@mparswitchfalse
* \@reversemarginfalse
* (1in=72.27pt=25.4mm, 1cm=28.453pt)

\c@ex=\count351
\openout3 = `polar-exploration-asy/polar-exploration-key-1.asy'.

<polar-exploration-asy/polar-exploration-key-1.pdf, id=1, 126.4725pt x 117.16975pt>
File: polar-exploration-asy/polar-exploration-key-1.pdf Graphic file (type pdf)
<use polar-exploration-asy/polar-exploration-key-1.pdf>
Package pdftex.def Info: polar-exploration-asy/polar-exploration-key-1.pdf  used on input line 29.
(pdftex.def)             Requested size: 126.47218pt x 117.16945pt.
\openout3 = `polar-exploration-asy/polar-exploration-key-2.asy'.

<polar-exploration-asy/polar-exploration-key-2.pdf, id=2, 126.4725pt x 117.16975pt>
File: polar-exploration-asy/polar-exploration-key-2.pdf Graphic file (type pdf)
<use polar-exploration-asy/polar-exploration-key-2.pdf>
Package pdftex.def Info: polar-exploration-asy/polar-exploration-key-2.pdf  used on input line 37.
(pdftex.def)             Requested size: 126.47218pt x 117.16945pt.
\openout3 = `polar-exploration-asy/polar-exploration-key-3.asy'.

<polar-exploration-asy/polar-exploration-key-3.pdf, id=3, 126.4725pt x 117.16975pt>
File: polar-exploration-asy/polar-exploration-key-3.pdf Graphic file (type pdf)
<use polar-exploration-asy/polar-exploration-key-3.pdf>
Package pdftex.def Info: polar-exploration-asy/polar-exploration-key-3.pdf  used on input line 45.
(pdftex.def)             Requested size: 126.47218pt x 117.16945pt.
\openout3 = `polar-exploration-asy/polar-exploration-key-4.asy'.

<polar-exploration-asy/polar-exploration-key-4.pdf, id=4, 126.4725pt x 117.16975pt>
File: polar-exploration-asy/polar-exploration-key-4.pdf Graphic file (type pdf)
<use polar-exploration-asy/polar-exploration-key-4.pdf>
Package pdftex.def Info: polar-exploration-asy/polar-exploration-key-4.pdf  used on input line 53.
(pdftex.def)             Requested size: 126.47218pt x 117.16945pt.
\openout3 = `polar-exploration-asy/polar-exploration-key-5.asy'.

<polar-exploration-asy/polar-exploration-key-5.pdf, id=5, 126.4725pt x 117.16975pt>
File: polar-exploration-asy/polar-exploration-key-5.pdf Graphic file (type pdf)
<use polar-exploration-asy/polar-exploration-key-5.pdf>
Package pdftex.def Info: polar-exploration-asy/polar-exploration-key-5.pdf  used on input line 62.
(pdftex.def)             Requested size: 126.47218pt x 117.16945pt.
\openout3 = `polar-exploration-asy/polar-exploration-key-6.asy'.

<polar-exploration-asy/polar-exploration-key-6.pdf, id=6, 126.4725pt x 117.16975pt>
File: polar-exploration-asy/polar-exploration-key-6.pdf Graphic file (type pdf)
<use polar-exploration-asy/polar-exploration-key-6.pdf>
Package pdftex.def Info: polar-exploration-asy/polar-exploration-key-6.pdf  used on input line 70.
(pdftex.def)             Requested size: 126.47218pt x 117.16945pt.
\openout3 = `polar-exploration-asy/polar-exploration-key-7.asy'.

<polar-exploration-asy/polar-exploration-key-7.pdf, id=7, 126.4725pt x 117.16975pt>
File: polar-exploration-asy/polar-exploration-key-7.pdf Graphic file (type pdf)
<use polar-exploration-asy/polar-exploration-key-7.pdf>
Package pdftex.def Info: polar-exploration-asy/polar-exploration-key-7.pdf  used on input line 78.
(pdftex.def)             Requested size: 126.47218pt x 117.16945pt.
\openout3 = `polar-exploration-asy/polar-exploration-key-8.asy'.

<polar-exploration-asy/polar-exploration-key-8.pdf, id=8, 126.4725pt x 117.16975pt>
File: polar-exploration-asy/polar-exploration-key-8.pdf Graphic file (type pdf)
<use polar-exploration-asy/polar-exploration-key-8.pdf>
Package pdftex.def Info: polar-exploration-asy/polar-exploration-key-8.pdf  used on input line 86.
(pdftex.def)             Requested size: 126.47218pt x 117.16945pt.
\openout3 = `polar-exploration-asy/polar-exploration-key-9.asy'.

<polar-exploration-asy/polar-exploration-key-9.pdf, id=9, 126.4725pt x 117.16975pt>
File: polar-exploration-asy/polar-exploration-key-9.pdf Graphic file (type pdf)
<use polar-exploration-asy/polar-exploration-key-9.pdf>
Package pdftex.def Info: polar-exploration-asy/polar-exploration-key-9.pdf  used on input line 95.
(pdftex.def)             Requested size: 126.47218pt x 117.16945pt.
\openout3 = `polar-exploration-asy/polar-exploration-key-10.asy'.

<polar-exploration-asy/polar-exploration-key-10.pdf, id=10, 126.4725pt x 117.16975pt>
File: polar-exploration-asy/polar-exploration-key-10.pdf Graphic file (type pdf)
<use polar-exploration-asy/polar-exploration-key-10.pdf>
Package pdftex.def Info: polar-exploration-asy/polar-exploration-key-10.pdf  used on input line 103.
(pdftex.def)             Requested size: 126.47218pt x 117.16945pt.
[1

{/var/lib/texmf/fonts/map/pdftex/updmap/pdftex.map} <./polar-exploration-asy/polar-exploration-key-1.pdf> <./polar-exploration-asy/polar-exploration-key-2.pdf> <./polar-exploration-asy/polar-exploration-key-3.pdf> <./polar-exploration-asy/polar-exploration-key-4.pdf> <./polar-exploration-asy/polar-exploration-key-5.pdf> <./polar-exploration-asy/polar-exploration-key-6.pdf> <./polar-exploration-asy/polar-exploration-key-7.pdf> <./polar-exploration-asy/polar-exploration-key-8.pdf> <./polar-exploration-asy/polar-exploration-key-9.pdf> <./polar-exploration-asy/polar-exploration-key-10.pdf>]
\openout3 = `polar-exploration-asy/polar-exploration-key-11.asy'.

<polar-exploration-asy/polar-exploration-key-11.pdf, id=155, 126.4725pt x 117.16975pt>
File: polar-exploration-asy/polar-exploration-key-11.pdf Graphic file (type pdf)
<use polar-exploration-asy/polar-exploration-key-11.pdf>
Package pdftex.def Info: polar-exploration-asy/polar-exploration-key-11.pdf  used on input line 121.
(pdftex.def)             Requested size: 126.47218pt x 117.16945pt.
\openout3 = `polar-exploration-asy/polar-exploration-key-12.asy'.

<polar-exploration-asy/polar-exploration-key-12.pdf, id=156, 126.4725pt x 117.16975pt>
File: polar-exploration-asy/polar-exploration-key-12.pdf Graphic file (type pdf)
<use polar-exploration-asy/polar-exploration-key-12.pdf>
Package pdftex.def Info: polar-exploration-asy/polar-exploration-key-12.pdf  used on input line 129.
(pdftex.def)             Requested size: 126.47218pt x 117.16945pt.
\openout3 = `polar-exploration-asy/polar-exploration-key-13.asy'.

<polar-exploration-asy/polar-exploration-key-13.pdf, id=157, 126.4725pt x 117.16975pt>
File: polar-exploration-asy/polar-exploration-key-13.pdf Graphic file (type pdf)
<use polar-exploration-asy/polar-exploration-key-13.pdf>
Package pdftex.def Info: polar-exploration-asy/polar-exploration-key-13.pdf  used on input line 137.
(pdftex.def)             Requested size: 126.47218pt x 117.16945pt.
\openout3 = `polar-exploration-asy/polar-exploration-key-14.asy'.

<polar-exploration-asy/polar-exploration-key-14.pdf, id=158, 126.4725pt x 117.16975pt>
File: polar-exploration-asy/polar-exploration-key-14.pdf Graphic file (type pdf)
<use polar-exploration-asy/polar-exploration-key-14.pdf>
Package pdftex.def Info: polar-exploration-asy/polar-exploration-key-14.pdf  used on input line 145.
(pdftex.def)             Requested size: 126.47218pt x 117.16945pt.
\openout3 = `polar-exploration-asy/polar-exploration-key-15.asy'.

<polar-exploration-asy/polar-exploration-key-15.pdf, id=159, 126.4725pt x 117.16975pt>
File: polar-exploration-asy/polar-exploration-key-15.pdf Graphic file (type pdf)
<use polar-exploration-asy/polar-exploration-key-15.pdf>
Package pdftex.def Info: polar-exploration-asy/polar-exploration-key-15.pdf  used on input line 153.
(pdftex.def)             Requested size: 126.47218pt x 117.16945pt.
\openout3 = `polar-exploration-asy/polar-exploration-key-16.asy'.

<polar-exploration-asy/polar-exploration-key-16.pdf, id=160, 126.4725pt x 117.16975pt>
File: polar-exploration-asy/polar-exploration-key-16.pdf Graphic file (type pdf)
<use polar-exploration-asy/polar-exploration-key-16.pdf>
Package pdftex.def Info: polar-exploration-asy/polar-exploration-key-16.pdf  used on input line 161.
(pdftex.def)             Requested size: 126.47218pt x 117.16945pt.
\openout3 = `polar-exploration-asy/polar-exploration-key-17.asy'.

<polar-exploration-asy/polar-exploration-key-17.pdf, id=161, 126.4725pt x 117.16975pt>
File: polar-exploration-asy/polar-exploration-key-17.pdf Graphic file (type pdf)
<use polar-exploration-asy/polar-exploration-key-17.pdf>
Package pdftex.def Info: polar-exploration-asy/polar-exploration-key-17.pdf  used on input line 169.
(pdftex.def)             Requested size: 126.47218pt x 117.16945pt.
\openout3 = `polar-exploration-asy/polar-exploration-key-18.asy'.

<polar-exploration-asy/polar-exploration-key-18.pdf, id=162, 126.4725pt x 117.16975pt>
File: polar-exploration-asy/polar-exploration-key-18.pdf Graphic file (type pdf)
<use polar-exploration-asy/polar-exploration-key-18.pdf>
Package pdftex.def Info: polar-exploration-asy/polar-exploration-key-18.pdf  used on input line 177.
(pdftex.def)             Requested size: 126.47218pt x 117.16945pt.
\openout3 = `polar-exploration-asy/polar-exploration-key-19.asy'.

<polar-exploration-asy/polar-exploration-key-19.pdf, id=163, 126.4725pt x 117.16975pt>
File: polar-exploration-asy/polar-exploration-key-19.pdf Graphic file (type pdf)
<use polar-exploration-asy/polar-exploration-key-19.pdf>
Package pdftex.def Info: polar-exploration-asy/polar-exploration-key-19.pdf  used on input line 185.
(pdftex.def)             Requested size: 126.47218pt x 117.16945pt.
\openout3 = `polar-exploration-asy/polar-exploration-key-20.asy'.

<polar-exploration-asy/polar-exploration-key-20.pdf, id=164, 126.4725pt x 117.16975pt>
File: polar-exploration-asy/polar-exploration-key-20.pdf Graphic file (type pdf)
<use polar-exploration-asy/polar-exploration-key-20.pdf>
Package pdftex.def Info: polar-exploration-asy/polar-exploration-key-20.pdf  used on input line 193.
(pdftex.def)             Requested size: 126.47218pt x 117.16945pt.
 [2

 <./polar-exploration-asy/polar-exploration-key-11.pdf> <./polar-exploration-asy/polar-exploration-key-12.pdf> <./polar-exploration-asy/polar-exploration-key-13.pdf> <./polar-exploration-asy/polar-exploration-key-14.pdf> <./polar-exploration-asy/polar-exploration-key-15.pdf> <./polar-exploration-asy/polar-exploration-key-16.pdf> <./polar-exploration-asy/polar-exploration-key-17.pdf> <./polar-exploration-asy/polar-exploration-key-18.pdf> <./polar-exploration-asy/polar-exploration-key-19.pdf> <./polar-exploration-asy/polar-exploration-key-20.pdf>]
This exam contains 0 questions with 0 parts, 0 subparts, and 0 subsubparts.
(./polar-exploration-key.aux) )
(\end occurred inside a group at level 1)

### simple group (level 1) entered at line 14 ({)
### bottom level 
Here is how much of TeX's memory you used:
 4918 strings out of 480247
 87896 string characters out of 5896150
 386852 words of memory out of 5000000
 22784 multiletter control sequences out of 15000+600000
 472976 words of font info for 41 fonts, out of 8000000 for 9000
 14 hyphenation exceptions out of 8191
 60i,10n,67p,266b,311s stack positions out of 5000i,500n,10000p,200000b,80000s
</usr/share/texlive/texmf-dist/fonts/type1/public/amsfonts/cm/cmbx12.pfb></usr/share/texlive/texmf-dist/fonts/type1/public/amsfonts/cm/cmmi12.pfb></usr/share/texlive/texmf-dist/fonts/type1/public/amsfonts/cm/cmmi6.pfb></usr/share/texlive/texmf-dist/fonts/type1/public/amsfonts/cm/cmr12.pfb></usr/share/texlive/texmf-dist/fonts/type1/public/amsfonts/cm/cmr6.pfb></usr/share/texlive/texmf-dist/fonts/type1/public/amsfonts/cm/cmsy10.pfb>
Output written on polar-exploration-key.pdf (2 pages, 149540 bytes).
PDF statistics:
 319 PDF objects out of 1000 (max. 8388607)
 222 compressed objects within 3 object streams
 0 named destinations out of 1000 (max. 500000)
 101 words of extra memory for PDF output out of 10000 (max. 10000000)

